Analysis & Synthesis report for ass5
Wed Nov 11 20:09:26 2020
Quartus Prime Version 18.1.0 Build 625 09/12/2018 SJ Lite Edition


---------------------
; Table of Contents ;
---------------------
  1. Legal Notice
  2. Analysis & Synthesis Summary
  3. Analysis & Synthesis Settings
  4. Parallel Compilation
  5. Analysis & Synthesis Source Files Read
  6. Analysis & Synthesis Resource Usage Summary
  7. Analysis & Synthesis Resource Utilization by Entity
  8. State Machine - |ass5|state
  9. User-Specified and Inferred Latches
 10. General Register Statistics
 11. Inverted Register Statistics
 12. Multiplexer Restructuring Statistics (Restructuring Performed)
 13. Post-Synthesis Netlist Statistics for Top Partition
 14. Elapsed Time Per Partition
 15. Analysis & Synthesis Messages



----------------
; Legal Notice ;
----------------
Copyright (C) 2018  Intel Corporation. All rights reserved.
Your use of Intel Corporation's design tools, logic functions 
and other software and tools, and its AMPP partner logic 
functions, and any output files from any of the foregoing 
(including device programming or simulation files), and any 
associated documentation or information are expressly subject 
to the terms and conditions of the Intel Program License 
Subscription Agreement, the Intel Quartus Prime License Agreement,
the Intel FPGA IP License Agreement, or other applicable license
agreement, including, without limitation, that your use is for
the sole purpose of programming logic devices manufactured by
Intel and sold by Intel or its authorized distributors.  Please
refer to the applicable agreement for further details.



+----------------------------------------------------------------------------------+
; Analysis & Synthesis Summary                                                     ;
+------------------------------------+---------------------------------------------+
; Analysis & Synthesis Status        ; Successful - Wed Nov 11 20:09:26 2020       ;
; Quartus Prime Version              ; 18.1.0 Build 625 09/12/2018 SJ Lite Edition ;
; Revision Name                      ; ass5                                        ;
; Top-level Entity Name              ; ass5                                        ;
; Family                             ; Cyclone IV E                                ;
; Total logic elements               ; 166                                         ;
;     Total combinational functions  ; 150                                         ;
;     Dedicated logic registers      ; 32                                          ;
; Total registers                    ; 32                                          ;
; Total pins                         ; 55                                          ;
; Total virtual pins                 ; 0                                           ;
; Total memory bits                  ; 0                                           ;
; Embedded Multiplier 9-bit elements ; 0                                           ;
; Total PLLs                         ; 0                                           ;
+------------------------------------+---------------------------------------------+


+------------------------------------------------------------------------------------------------------------+
; Analysis & Synthesis Settings                                                                              ;
+------------------------------------------------------------------+--------------------+--------------------+
; Option                                                           ; Setting            ; Default Value      ;
+------------------------------------------------------------------+--------------------+--------------------+
; Device                                                           ; EP4CE22F17C6       ;                    ;
; Top-level entity name                                            ; ass5               ; ass5               ;
; Family name                                                      ; Cyclone IV E       ; Cyclone V          ;
; Use smart compilation                                            ; Off                ; Off                ;
; Enable parallel Assembler and Timing Analyzer during compilation ; On                 ; On                 ;
; Enable compact report table                                      ; Off                ; Off                ;
; Restructure Multiplexers                                         ; Auto               ; Auto               ;
; Create Debugging Nodes for IP Cores                              ; Off                ; Off                ;
; Preserve fewer node names                                        ; On                 ; On                 ;
; Intel FPGA IP Evaluation Mode                                    ; Enable             ; Enable             ;
; Verilog Version                                                  ; Verilog_2001       ; Verilog_2001       ;
; VHDL Version                                                     ; VHDL_1993          ; VHDL_1993          ;
; State Machine Processing                                         ; Auto               ; Auto               ;
; Safe State Machine                                               ; Off                ; Off                ;
; Extract Verilog State Machines                                   ; On                 ; On                 ;
; Extract VHDL State Machines                                      ; On                 ; On                 ;
; Ignore Verilog initial constructs                                ; Off                ; Off                ;
; Iteration limit for constant Verilog loops                       ; 5000               ; 5000               ;
; Iteration limit for non-constant Verilog loops                   ; 250                ; 250                ;
; Add Pass-Through Logic to Inferred RAMs                          ; On                 ; On                 ;
; Infer RAMs from Raw Logic                                        ; On                 ; On                 ;
; Parallel Synthesis                                               ; On                 ; On                 ;
; DSP Block Balancing                                              ; Auto               ; Auto               ;
; NOT Gate Push-Back                                               ; On                 ; On                 ;
; Power-Up Don't Care                                              ; On                 ; On                 ;
; Remove Redundant Logic Cells                                     ; Off                ; Off                ;
; Remove Duplicate Registers                                       ; On                 ; On                 ;
; Ignore CARRY Buffers                                             ; Off                ; Off                ;
; Ignore CASCADE Buffers                                           ; Off                ; Off                ;
; Ignore GLOBAL Buffers                                            ; Off                ; Off                ;
; Ignore ROW GLOBAL Buffers                                        ; Off                ; Off                ;
; Ignore LCELL Buffers                                             ; Off                ; Off                ;
; Ignore SOFT Buffers                                              ; On                 ; On                 ;
; Limit AHDL Integers to 32 Bits                                   ; Off                ; Off                ;
; Optimization Technique                                           ; Balanced           ; Balanced           ;
; Carry Chain Length                                               ; 70                 ; 70                 ;
; Auto Carry Chains                                                ; On                 ; On                 ;
; Auto Open-Drain Pins                                             ; On                 ; On                 ;
; Perform WYSIWYG Primitive Resynthesis                            ; Off                ; Off                ;
; Auto ROM Replacement                                             ; On                 ; On                 ;
; Auto RAM Replacement                                             ; On                 ; On                 ;
; Auto DSP Block Replacement                                       ; On                 ; On                 ;
; Auto Shift Register Replacement                                  ; Auto               ; Auto               ;
; Allow Shift Register Merging across Hierarchies                  ; Auto               ; Auto               ;
; Auto Clock Enable Replacement                                    ; On                 ; On                 ;
; Strict RAM Replacement                                           ; Off                ; Off                ;
; Allow Synchronous Control Signals                                ; On                 ; On                 ;
; Force Use of Synchronous Clear Signals                           ; Off                ; Off                ;
; Auto RAM Block Balancing                                         ; On                 ; On                 ;
; Auto RAM to Logic Cell Conversion                                ; Off                ; Off                ;
; Auto Resource Sharing                                            ; Off                ; Off                ;
; Allow Any RAM Size For Recognition                               ; Off                ; Off                ;
; Allow Any ROM Size For Recognition                               ; Off                ; Off                ;
; Allow Any Shift Register Size For Recognition                    ; Off                ; Off                ;
; Use LogicLock Constraints during Resource Balancing              ; On                 ; On                 ;
; Ignore translate_off and synthesis_off directives                ; Off                ; Off                ;
; Timing-Driven Synthesis                                          ; On                 ; On                 ;
; Report Parameter Settings                                        ; On                 ; On                 ;
; Report Source Assignments                                        ; On                 ; On                 ;
; Report Connectivity Checks                                       ; On                 ; On                 ;
; Ignore Maximum Fan-Out Assignments                               ; Off                ; Off                ;
; Synchronization Register Chain Length                            ; 2                  ; 2                  ;
; Power Optimization During Synthesis                              ; Normal compilation ; Normal compilation ;
; HDL message level                                                ; Level2             ; Level2             ;
; Suppress Register Optimization Related Messages                  ; Off                ; Off                ;
; Number of Removed Registers Reported in Synthesis Report         ; 5000               ; 5000               ;
; Number of Swept Nodes Reported in Synthesis Report               ; 5000               ; 5000               ;
; Number of Inverted Registers Reported in Synthesis Report        ; 100                ; 100                ;
; Clock MUX Protection                                             ; On                 ; On                 ;
; Auto Gated Clock Conversion                                      ; Off                ; Off                ;
; Block Design Naming                                              ; Auto               ; Auto               ;
; SDC constraint protection                                        ; Off                ; Off                ;
; Synthesis Effort                                                 ; Auto               ; Auto               ;
; Shift Register Replacement - Allow Asynchronous Clear Signal     ; On                 ; On                 ;
; Pre-Mapping Resynthesis Optimization                             ; Off                ; Off                ;
; Analysis & Synthesis Message Level                               ; Medium             ; Medium             ;
; Disable Register Merging Across Hierarchies                      ; Auto               ; Auto               ;
; Resource Aware Inference For Block RAM                           ; On                 ; On                 ;
+------------------------------------------------------------------+--------------------+--------------------+


+------------------------------------------+
; Parallel Compilation                     ;
+----------------------------+-------------+
; Processors                 ; Number      ;
+----------------------------+-------------+
; Number detected on machine ; 6           ;
; Maximum allowed            ; 6           ;
;                            ;             ;
; Average used               ; 1.00        ;
; Maximum used               ; 6           ;
;                            ;             ;
; Usage by Processor         ; % Time Used ;
;     Processor 1            ; 100.0%      ;
;     Processors 2-6         ;   0.0%      ;
+----------------------------+-------------+


+------------------------------------------------------------------------------------------------------------------------------------+
; Analysis & Synthesis Source Files Read                                                                                             ;
+----------------------------------+-----------------+-----------------+---------------------------------------------------+---------+
; File Name with User-Entered Path ; Used in Netlist ; File Type       ; File Name with Absolute Path                      ; Library ;
+----------------------------------+-----------------+-----------------+---------------------------------------------------+---------+
; ../ass52/ass52.vhd               ; yes             ; User VHDL File  ; C:/intelFPGA_lite/18.1/vhdl codes/ass52/ass52.vhd ;         ;
; ../ass51/ass51.vhd               ; yes             ; User VHDL File  ; C:/intelFPGA_lite/18.1/vhdl codes/ass51/ass51.vhd ;         ;
; ass5.vhd                         ; yes             ; User VHDL File  ; C:/intelFPGA_lite/18.1/vhdl codes/ass5/ass5.vhd   ;         ;
+----------------------------------+-----------------+-----------------+---------------------------------------------------+---------+


+---------------------------------------------------------+
; Analysis & Synthesis Resource Usage Summary             ;
+---------------------------------------------+-----------+
; Resource                                    ; Usage     ;
+---------------------------------------------+-----------+
; Estimated Total logic elements              ; 166       ;
;                                             ;           ;
; Total combinational functions               ; 150       ;
; Logic element usage by number of LUT inputs ;           ;
;     -- 4 input functions                    ; 71        ;
;     -- 3 input functions                    ; 56        ;
;     -- <=2 input functions                  ; 23        ;
;                                             ;           ;
; Logic elements by mode                      ;           ;
;     -- normal mode                          ; 141       ;
;     -- arithmetic mode                      ; 9         ;
;                                             ;           ;
; Total registers                             ; 32        ;
;     -- Dedicated logic registers            ; 32        ;
;     -- I/O registers                        ; 0         ;
;                                             ;           ;
; I/O pins                                    ; 55        ;
;                                             ;           ;
; Embedded Multiplier 9-bit elements          ; 0         ;
;                                             ;           ;
; Maximum fan-out node                        ; clk~input ;
; Maximum fan-out                             ; 32        ;
; Total fan-out                               ; 683       ;
; Average fan-out                             ; 2.34      ;
+---------------------------------------------+-----------+


+----------------------------------------------------------------------------------------------------------------------------------------------------------------------------------------------------------+
; Analysis & Synthesis Resource Utilization by Entity                                                                                                                                                      ;
+----------------------------+---------------------+---------------------------+-------------+--------------+---------+-----------+------+--------------+---------------------+-------------+--------------+
; Compilation Hierarchy Node ; Combinational ALUTs ; Dedicated Logic Registers ; Memory Bits ; DSP Elements ; DSP 9x9 ; DSP 18x18 ; Pins ; Virtual Pins ; Full Hierarchy Name ; Entity Name ; Library Name ;
+----------------------------+---------------------+---------------------------+-------------+--------------+---------+-----------+------+--------------+---------------------+-------------+--------------+
; |ass5                      ; 150 (21)            ; 32 (32)                   ; 0           ; 0            ; 0       ; 0         ; 55   ; 0            ; |ass5               ; ass5        ; work         ;
;    |ass51:inst2|           ; 69 (69)             ; 0 (0)                     ; 0           ; 0            ; 0       ; 0         ; 0    ; 0            ; |ass5|ass51:inst2   ; ass51       ; work         ;
;    |ass52:inst1|           ; 60 (60)             ; 0 (0)                     ; 0           ; 0            ; 0       ; 0         ; 0    ; 0            ; |ass5|ass52:inst1   ; ass52       ; work         ;
+----------------------------+---------------------+---------------------------+-------------+--------------+---------+-----------+------+--------------+---------------------+-------------+--------------+
Note: For table entries with two numbers listed, the numbers in parentheses indicate the number of resources of the given type used by the specific entity alone. The numbers listed outside of parentheses indicate the total resources of the given type used by the specific entity and all of its sub-entities in the hierarchy.


Encoding Type:  One-Hot
+-----------------------------------------------------------------+
; State Machine - |ass5|state                                     ;
+-----------------+--------------+-----------------+--------------+
; Name            ; state.stdone ; state.stcompute ; state.stidle ;
+-----------------+--------------+-----------------+--------------+
; state.stidle    ; 0            ; 0               ; 0            ;
; state.stcompute ; 0            ; 1               ; 1            ;
; state.stdone    ; 1            ; 0               ; 1            ;
+-----------------+--------------+-----------------+--------------+


+------------------------------------------------------------------------------------------------------------+
; User-Specified and Inferred Latches                                                                        ;
+-----------------------------------------------------+-----------------------------+------------------------+
; Latch Name                                          ; Latch Enable Signal         ; Free of Timing Hazards ;
+-----------------------------------------------------+-----------------------------+------------------------+
; ass52:inst1|sig_add                                 ; VCC                         ; yes                    ;
; ass51:inst2|mpd2[0]                                 ; ass51:inst2|mpd2[7]         ; yes                    ;
; ass51:inst2|mpd2[1]                                 ; ass51:inst2|mpd2[7]         ; yes                    ;
; ass51:inst2|mpd2[2]                                 ; ass51:inst2|mpd2[7]         ; yes                    ;
; ass51:inst2|mpd2[3]                                 ; ass51:inst2|mpd2[7]         ; yes                    ;
; ass51:inst2|mpd2[4]                                 ; ass51:inst2|mpd2[7]         ; yes                    ;
; ass51:inst2|mpd2[5]                                 ; ass51:inst2|mpd2[7]         ; yes                    ;
; ass51:inst2|mpd2[6]                                 ; ass51:inst2|mpd2[7]         ; yes                    ;
; ass51:inst2|mpd2[7]                                 ; ass51:inst2|mpd2[7]         ; yes                    ;
; ass51:inst2|mpd2[8]                                 ; ass51:inst2|mpd2[8]         ; yes                    ;
; ass51:inst2|next_result1[0]                         ; ass51:inst2|next_result1[8] ; yes                    ;
; ass51:inst2|next_result1[1]                         ; ass51:inst2|next_result1[8] ; yes                    ;
; ass51:inst2|next_result1[2]                         ; ass51:inst2|next_result1[8] ; yes                    ;
; ass51:inst2|next_result1[3]                         ; ass51:inst2|next_result1[8] ; yes                    ;
; ass51:inst2|next_result1[4]                         ; ass51:inst2|next_result1[8] ; yes                    ;
; ass51:inst2|next_result1[5]                         ; ass51:inst2|next_result1[8] ; yes                    ;
; ass51:inst2|next_result1[6]                         ; ass51:inst2|next_result1[8] ; yes                    ;
; ass51:inst2|next_result1[7]                         ; ass51:inst2|next_result1[8] ; yes                    ;
; ass51:inst2|next_result1[8]                         ; ass51:inst2|next_result1[8] ; yes                    ;
; Number of user-specified and inferred latches = 19  ;                             ;                        ;
+-----------------------------------------------------+-----------------------------+------------------------+
Note: All latches listed above may not be present at the end of synthesis due to various synthesis optimizations.


+------------------------------------------------------+
; General Register Statistics                          ;
+----------------------------------------------+-------+
; Statistic                                    ; Value ;
+----------------------------------------------+-------+
; Total registers                              ; 32    ;
; Number of registers using Synchronous Clear  ; 0     ;
; Number of registers using Synchronous Load   ; 0     ;
; Number of registers using Asynchronous Clear ; 0     ;
; Number of registers using Asynchronous Load  ; 0     ;
; Number of registers using Clock Enable       ; 29    ;
; Number of registers using Preset             ; 0     ;
+----------------------------------------------+-------+


+--------------------------------------------------+
; Inverted Register Statistics                     ;
+----------------------------------------+---------+
; Inverted Register                      ; Fan out ;
+----------------------------------------+---------+
; prev_toggle_location[0]                ; 23      ;
; prev_toggle_location[1]                ; 20      ;
; prev_toggle_location[2]                ; 21      ;
; prev_toggle_location[3]                ; 11      ;
; Total number of inverted registers = 4 ;         ;
+----------------------------------------+---------+


+----------------------------------------------------------------------------------------------------------------------------------------------------+
; Multiplexer Restructuring Statistics (Restructuring Performed)                                                                                     ;
+--------------------+-----------+---------------+----------------------+------------------------+------------+--------------------------------------+
; Multiplexer Inputs ; Bus Width ; Baseline Area ; Area if Restructured ; Saving if Restructured ; Registered ; Example Multiplexer Output           ;
+--------------------+-----------+---------------+----------------------+------------------------+------------+--------------------------------------+
; 5:1                ; 9 bits    ; 27 LEs        ; 9 LEs                ; 18 LEs                 ; Yes        ; |ass5|result1[8]                     ;
; 5:1                ; 4 bits    ; 12 LEs        ; 4 LEs                ; 8 LEs                  ; Yes        ; |ass5|prev_toggle_location[3]        ;
; 5:1                ; 4 bits    ; 12 LEs        ; 12 LEs               ; 0 LEs                  ; No         ; |ass5|ass51:inst2|mpd2[6]            ;
; 9:1                ; 2 bits    ; 12 LEs        ; 6 LEs                ; 6 LEs                  ; No         ; |ass5|ass52:inst1|toggle_location[2] ;
+--------------------+-----------+---------------+----------------------+------------------------+------------+--------------------------------------+


+-----------------------------------------------------+
; Post-Synthesis Netlist Statistics for Top Partition ;
+-----------------------+-----------------------------+
; Type                  ; Count                       ;
+-----------------------+-----------------------------+
; boundary_port         ; 55                          ;
; cycloneiii_ff         ; 32                          ;
;     ENA               ; 29                          ;
;     plain             ; 3                           ;
; cycloneiii_lcell_comb ; 154                         ;
;     arith             ; 9                           ;
;         3 data inputs ; 9                           ;
;     normal            ; 145                         ;
;         1 data inputs ; 4                           ;
;         2 data inputs ; 23                          ;
;         3 data inputs ; 47                          ;
;         4 data inputs ; 71                          ;
;                       ;                             ;
; Max LUT depth         ; 12.00                       ;
; Average LUT depth     ; 7.85                        ;
+-----------------------+-----------------------------+


+-------------------------------+
; Elapsed Time Per Partition    ;
+----------------+--------------+
; Partition Name ; Elapsed Time ;
+----------------+--------------+
; Top            ; 00:00:01     ;
+----------------+--------------+


+-------------------------------+
; Analysis & Synthesis Messages ;
+-------------------------------+
Info: *******************************************************************
Info: Running Quartus Prime Analysis & Synthesis
    Info: Version 18.1.0 Build 625 09/12/2018 SJ Lite Edition
    Info: Processing started: Wed Nov 11 20:09:09 2020
Info: Command: quartus_map --read_settings_files=on --write_settings_files=off ass5 -c ass5
Warning (18236): Number of processors has not been specified which may cause overloading on shared machines.  Set the global assignment NUM_PARALLEL_PROCESSORS in your QSF to an appropriate value for best performance.
Info (20030): Parallel compilation is enabled and will use 6 of the 6 processors detected
Info (12021): Found 2 design units, including 1 entities, in source file /intelfpga_lite/18.1/vhdl codes/ass52/ass52.vhd
    Info (12022): Found design unit 1: ass52-controller_add_subtract_shift File: C:/intelFPGA_lite/18.1/vhdl codes/ass52/ass52.vhd Line: 9
    Info (12023): Found entity 1: ass52 File: C:/intelFPGA_lite/18.1/vhdl codes/ass52/ass52.vhd Line: 3
Info (12021): Found 2 design units, including 1 entities, in source file /intelfpga_lite/18.1/vhdl codes/ass51/ass51.vhd
    Info (12022): Found design unit 1: ass51-alu_with_shift File: C:/intelFPGA_lite/18.1/vhdl codes/ass51/ass51.vhd Line: 12
    Info (12023): Found entity 1: ass51 File: C:/intelFPGA_lite/18.1/vhdl codes/ass51/ass51.vhd Line: 4
Info (12021): Found 2 design units, including 1 entities, in source file ass5.vhd
    Info (12022): Found design unit 1: ass5-booth File: C:/intelFPGA_lite/18.1/vhdl codes/ass5/ass5.vhd Line: 13
    Info (12023): Found entity 1: ass5 File: C:/intelFPGA_lite/18.1/vhdl codes/ass5/ass5.vhd Line: 3
Info (12127): Elaborating entity "ass5" for the top level hierarchy
Info (12128): Elaborating entity "ass52" for hierarchy "ass52:inst1" File: C:/intelFPGA_lite/18.1/vhdl codes/ass5/ass5.vhd Line: 48
Warning (10631): VHDL Process Statement warning at ass52.vhd(15): inferring latch(es) for signal or variable "toggle_location", which holds its previous value in one or more paths through the process File: C:/intelFPGA_lite/18.1/vhdl codes/ass52/ass52.vhd Line: 15
Warning (10631): VHDL Process Statement warning at ass52.vhd(15): inferring latch(es) for signal or variable "sig_add", which holds its previous value in one or more paths through the process File: C:/intelFPGA_lite/18.1/vhdl codes/ass52/ass52.vhd Line: 15
Warning (10631): VHDL Process Statement warning at ass52.vhd(15): inferring latch(es) for signal or variable "sig_sub", which holds its previous value in one or more paths through the process File: C:/intelFPGA_lite/18.1/vhdl codes/ass52/ass52.vhd Line: 15
Info (10041): Inferred latch for "sig_sub" at ass52.vhd(15) File: C:/intelFPGA_lite/18.1/vhdl codes/ass52/ass52.vhd Line: 15
Info (10041): Inferred latch for "sig_add" at ass52.vhd(15) File: C:/intelFPGA_lite/18.1/vhdl codes/ass52/ass52.vhd Line: 15
Info (10041): Inferred latch for "toggle_location[0]" at ass52.vhd(15) File: C:/intelFPGA_lite/18.1/vhdl codes/ass52/ass52.vhd Line: 15
Info (10041): Inferred latch for "toggle_location[1]" at ass52.vhd(15) File: C:/intelFPGA_lite/18.1/vhdl codes/ass52/ass52.vhd Line: 15
Info (10041): Inferred latch for "toggle_location[2]" at ass52.vhd(15) File: C:/intelFPGA_lite/18.1/vhdl codes/ass52/ass52.vhd Line: 15
Info (10041): Inferred latch for "toggle_location[3]" at ass52.vhd(15) File: C:/intelFPGA_lite/18.1/vhdl codes/ass52/ass52.vhd Line: 15
Info (12128): Elaborating entity "ass51" for hierarchy "ass51:inst2" File: C:/intelFPGA_lite/18.1/vhdl codes/ass5/ass5.vhd Line: 49
Warning (10631): VHDL Process Statement warning at ass51.vhd(15): inferring latch(es) for signal or variable "mpd2", which holds its previous value in one or more paths through the process File: C:/intelFPGA_lite/18.1/vhdl codes/ass51/ass51.vhd Line: 15
Warning (10631): VHDL Process Statement warning at ass51.vhd(15): inferring latch(es) for signal or variable "next_result1", which holds its previous value in one or more paths through the process File: C:/intelFPGA_lite/18.1/vhdl codes/ass51/ass51.vhd Line: 15
Info (10041): Inferred latch for "next_result1[0]" at ass51.vhd(15) File: C:/intelFPGA_lite/18.1/vhdl codes/ass51/ass51.vhd Line: 15
Info (10041): Inferred latch for "next_result1[1]" at ass51.vhd(15) File: C:/intelFPGA_lite/18.1/vhdl codes/ass51/ass51.vhd Line: 15
Info (10041): Inferred latch for "next_result1[2]" at ass51.vhd(15) File: C:/intelFPGA_lite/18.1/vhdl codes/ass51/ass51.vhd Line: 15
Info (10041): Inferred latch for "next_result1[3]" at ass51.vhd(15) File: C:/intelFPGA_lite/18.1/vhdl codes/ass51/ass51.vhd Line: 15
Info (10041): Inferred latch for "next_result1[4]" at ass51.vhd(15) File: C:/intelFPGA_lite/18.1/vhdl codes/ass51/ass51.vhd Line: 15
Info (10041): Inferred latch for "next_result1[5]" at ass51.vhd(15) File: C:/intelFPGA_lite/18.1/vhdl codes/ass51/ass51.vhd Line: 15
Info (10041): Inferred latch for "next_result1[6]" at ass51.vhd(15) File: C:/intelFPGA_lite/18.1/vhdl codes/ass51/ass51.vhd Line: 15
Info (10041): Inferred latch for "next_result1[7]" at ass51.vhd(15) File: C:/intelFPGA_lite/18.1/vhdl codes/ass51/ass51.vhd Line: 15
Info (10041): Inferred latch for "next_result1[8]" at ass51.vhd(15) File: C:/intelFPGA_lite/18.1/vhdl codes/ass51/ass51.vhd Line: 15
Info (10041): Inferred latch for "mpd2[0]" at ass51.vhd(20) File: C:/intelFPGA_lite/18.1/vhdl codes/ass51/ass51.vhd Line: 20
Info (10041): Inferred latch for "mpd2[1]" at ass51.vhd(20) File: C:/intelFPGA_lite/18.1/vhdl codes/ass51/ass51.vhd Line: 20
Info (10041): Inferred latch for "mpd2[2]" at ass51.vhd(20) File: C:/intelFPGA_lite/18.1/vhdl codes/ass51/ass51.vhd Line: 20
Info (10041): Inferred latch for "mpd2[3]" at ass51.vhd(20) File: C:/intelFPGA_lite/18.1/vhdl codes/ass51/ass51.vhd Line: 20
Info (10041): Inferred latch for "mpd2[4]" at ass51.vhd(20) File: C:/intelFPGA_lite/18.1/vhdl codes/ass51/ass51.vhd Line: 20
Info (10041): Inferred latch for "mpd2[5]" at ass51.vhd(20) File: C:/intelFPGA_lite/18.1/vhdl codes/ass51/ass51.vhd Line: 20
Info (10041): Inferred latch for "mpd2[6]" at ass51.vhd(20) File: C:/intelFPGA_lite/18.1/vhdl codes/ass51/ass51.vhd Line: 20
Info (10041): Inferred latch for "mpd2[7]" at ass51.vhd(20) File: C:/intelFPGA_lite/18.1/vhdl codes/ass51/ass51.vhd Line: 20
Info (10041): Inferred latch for "mpd2[8]" at ass51.vhd(20) File: C:/intelFPGA_lite/18.1/vhdl codes/ass51/ass51.vhd Line: 20
Warning (13012): Latch ass51:inst2|mpd2[0] has unsafe behavior File: C:/intelFPGA_lite/18.1/vhdl codes/ass51/ass51.vhd Line: 20
    Warning (13013): Ports D and ENA on the latch are fed by the same signal prev_toggle_location[0] File: C:/intelFPGA_lite/18.1/vhdl codes/ass5/ass5.vhd Line: 37
Warning (13012): Latch ass51:inst2|mpd2[1] has unsafe behavior File: C:/intelFPGA_lite/18.1/vhdl codes/ass51/ass51.vhd Line: 20
    Warning (13013): Ports D and ENA on the latch are fed by the same signal prev_toggle_location[0] File: C:/intelFPGA_lite/18.1/vhdl codes/ass5/ass5.vhd Line: 37
Warning (13012): Latch ass51:inst2|mpd2[2] has unsafe behavior File: C:/intelFPGA_lite/18.1/vhdl codes/ass51/ass51.vhd Line: 20
    Warning (13013): Ports D and ENA on the latch are fed by the same signal prev_toggle_location[0] File: C:/intelFPGA_lite/18.1/vhdl codes/ass5/ass5.vhd Line: 37
Warning (13012): Latch ass51:inst2|mpd2[3] has unsafe behavior File: C:/intelFPGA_lite/18.1/vhdl codes/ass51/ass51.vhd Line: 20
    Warning (13013): Ports D and ENA on the latch are fed by the same signal prev_toggle_location[0] File: C:/intelFPGA_lite/18.1/vhdl codes/ass5/ass5.vhd Line: 37
Warning (13012): Latch ass51:inst2|mpd2[4] has unsafe behavior File: C:/intelFPGA_lite/18.1/vhdl codes/ass51/ass51.vhd Line: 20
    Warning (13013): Ports D and ENA on the latch are fed by the same signal prev_toggle_location[0] File: C:/intelFPGA_lite/18.1/vhdl codes/ass5/ass5.vhd Line: 37
Warning (13012): Latch ass51:inst2|mpd2[5] has unsafe behavior File: C:/intelFPGA_lite/18.1/vhdl codes/ass51/ass51.vhd Line: 20
    Warning (13013): Ports D and ENA on the latch are fed by the same signal prev_toggle_location[0] File: C:/intelFPGA_lite/18.1/vhdl codes/ass5/ass5.vhd Line: 37
Warning (13012): Latch ass51:inst2|mpd2[6] has unsafe behavior File: C:/intelFPGA_lite/18.1/vhdl codes/ass51/ass51.vhd Line: 20
    Warning (13013): Ports D and ENA on the latch are fed by the same signal prev_toggle_location[0] File: C:/intelFPGA_lite/18.1/vhdl codes/ass5/ass5.vhd Line: 37
Warning (13012): Latch ass51:inst2|mpd2[7] has unsafe behavior File: C:/intelFPGA_lite/18.1/vhdl codes/ass51/ass51.vhd Line: 20
    Warning (13013): Ports D and ENA on the latch are fed by the same signal prev_toggle_location[0] File: C:/intelFPGA_lite/18.1/vhdl codes/ass5/ass5.vhd Line: 37
Warning (13012): Latch ass51:inst2|mpd2[8] has unsafe behavior File: C:/intelFPGA_lite/18.1/vhdl codes/ass51/ass51.vhd Line: 20
    Warning (13013): Ports D and ENA on the latch are fed by the same signal prev_toggle_location[0] File: C:/intelFPGA_lite/18.1/vhdl codes/ass5/ass5.vhd Line: 37
    Warning (13013): Ports ENA and CLR on the latch are fed by the same signal prev_toggle_location[3] File: C:/intelFPGA_lite/18.1/vhdl codes/ass5/ass5.vhd Line: 37
Info (286030): Timing-Driven Synthesis is running
Info (16010): Generating hard_block partition "hard_block:auto_generated_inst"
    Info (16011): Adding 0 node(s), including 0 DDIO, 0 PLL, 0 transceiver and 0 LCELL
Info (21057): Implemented 223 device resources after synthesis - the final resource count might be different
    Info (21058): Implemented 18 input pins
    Info (21059): Implemented 37 output pins
    Info (21061): Implemented 168 logic cells
Info: Quartus Prime Analysis & Synthesis was successful. 0 errors, 25 warnings
    Info: Peak virtual memory: 4809 megabytes
    Info: Processing ended: Wed Nov 11 20:09:26 2020
    Info: Elapsed time: 00:00:17
    Info: Total CPU time (on all processors): 00:00:34


